
*** Starting uWSGI 2.0.15 (64bit) on [Fri Nov 24 10:38:06 2017] ***
compiled with version: 6.3.0 20170516 on 05 October 2017 06:48:47
os: Linux-4.9.0-3-amd64 #1 SMP Debian 4.9.30-2+deb9u5 (2017-09-19)
nodename: devfox
machine: x86_64
clock source: unix
detected number of CPU cores: 1
current working directory: /root/www/test
writing pidfile to /tmp/uwsgi.pid
detected binary path: /root/.virtualenvs/test2/bin/uwsgi
!!! no internal routing support, rebuild with pcre support !!!
uWSGI running as root, you can use --uid/--gid/--chroot options
*** WARNING: you are running uWSGI as root !!! (use the --uid flag) *** 
chdir() to /root/www/test
*** WARNING: you are running uWSGI without its master process manager ***
your processes number limit is 7931
your memory page size is 4096 bytes
detected max file descriptor number: 1024
lock engine: pthread robust mutexes
thunder lock: disabled (you can enable it with --thunder-lock)
uWSGI http bound on 0.0.0.0:8080 fd 4
spawned uWSGI http 1 (pid: 1641)
uwsgi socket 0 bound to TCP address 127.0.0.1:34863 (port auto-assigned) fd 3
Python version: 3.5.3 (default, Jan 19 2017, 14:11:04)  [GCC 6.3.0 20170118]
*** Python threads support is disabled. You can enable it with --enable-threads ***
Python main interpreter initialized at 0x556a79d23670
your server socket listen backlog is limited to 100 connections
your mercy for graceful operations on workers is 60 seconds
mapped 72760 bytes (71 KB) for 1 cores
*** Operational MODE: single process ***
WSGI app 0 (mountpoint='') ready in 0 seconds on interpreter 0x556a79d23670 pid: 1640 (default app)
*** uWSGI is running in multiple interpreter mode ***
spawned uWSGI worker 1 (and the only) (pid: 1640, cores: 1)
[pid: 1640|app: 0|req: 1/1] 192.168.0.12 () {40 vars in 591 bytes} [Fri Nov 24 10:38:12 2017] GET / => generated 11 bytes in 0 msecs (HTTP/1.1 200) 1 headers in 44 bytes (1 switches on core 0)
[pid: 1640|app: 0|req: 2/2] 192.168.0.12 () {40 vars in 591 bytes} [Fri Nov 24 10:38:14 2017] GET / => generated 11 bytes in 0 msecs (HTTP/1.1 200) 1 headers in 44 bytes (1 switches on core 0)
VACUUM: pidfile removed.
*** Starting uWSGI 2.0.15 (64bit) on [Fri Nov 24 10:38:28 2017] ***
compiled with version: 6.3.0 20170516 on 05 October 2017 06:48:47
os: Linux-4.9.0-3-amd64 #1 SMP Debian 4.9.30-2+deb9u5 (2017-09-19)
nodename: devfox
machine: x86_64
clock source: unix
detected number of CPU cores: 1
current working directory: /root/www/test
writing pidfile to /tmp/uwsgi.pid
detected binary path: /root/.virtualenvs/test2/bin/uwsgi
!!! no internal routing support, rebuild with pcre support !!!
uWSGI running as root, you can use --uid/--gid/--chroot options
*** WARNING: you are running uWSGI as root !!! (use the --uid flag) *** 
chdir() to /root/www/test
*** WARNING: you are running uWSGI without its master process manager ***
your processes number limit is 7931
your memory page size is 4096 bytes
detected max file descriptor number: 1024
lock engine: pthread robust mutexes
thunder lock: disabled (you can enable it with --thunder-lock)
uWSGI http bound on 0.0.0.0:8080 fd 4
spawned uWSGI http 1 (pid: 1647)
uwsgi socket 0 bound to TCP address 127.0.0.1:46151 (port auto-assigned) fd 3
Python version: 3.5.3 (default, Jan 19 2017, 14:11:04)  [GCC 6.3.0 20170118]
*** Python threads support is disabled. You can enable it with --enable-threads ***
Python main interpreter initialized at 0x55a3d119a670
your server socket listen backlog is limited to 100 connections
your mercy for graceful operations on workers is 60 seconds
mapped 72760 bytes (71 KB) for 1 cores
*** Operational MODE: single process ***
WSGI app 0 (mountpoint='') ready in 0 seconds on interpreter 0x55a3d119a670 pid: 1646 (default app)
*** uWSGI is running in multiple interpreter mode ***
spawned uWSGI worker 1 (and the only) (pid: 1646, cores: 1)
[pid: 1646|app: 0|req: 1/1] 192.168.0.12 () {40 vars in 591 bytes} [Fri Nov 24 10:38:31 2017] GET / => generated 11 bytes in 0 msecs (HTTP/1.1 200) 1 headers in 44 bytes (1 switches on core 0)
